<?xml version="1.0" encoding="UTF-8"?>
<testsuite name="org.example.TestMain" tests="13" skipped="0" failures="0" errors="0" timestamp="2024-03-04T15:52:50" hostname="BOGDAN" time="0.183">
  <properties/>
  <testcase name="coliziuniCicluStudiiContestatii10()" classname="org.example.TestMain" time="0.051"/>
  <testcase name="coliziuniMedie08()" classname="org.example.TestMain" time="0.009"/>
  <testcase name="toateFunctionalitatile12()" classname="org.example.TestMain" time="0.018"/>
  <testcase name="inroleazaSimplu05()" classname="org.example.TestMain" time="0.007"/>
  <testcase name="posteazaMedii01()" classname="org.example.TestMain" time="0.006"/>
  <testcase name="posteazaMediiContestatii02()" classname="org.example.TestMain" time="0.007"/>
  <testcase name="posteazaMediiContestatii03()" classname="org.example.TestMain" time="0.007"/>
  <testcase name="posteazaMediiContestatii04()" classname="org.example.TestMain" time="0.008"/>
  <testcase name="inroleazaCicluStudiiContestatii07()" classname="org.example.TestMain" time="0.015"/>
  <testcase name="inroleazaCicluStudii06()" classname="org.example.TestMain" time="0.014"/>
  <testcase name="coliziuniCicluStudii09()" classname="org.example.TestMain" time="0.009"/>
  <testcase name="exceptieSimplu11()" classname="org.example.TestMain" time="0.007"/>
  <testcase name="inroleazaAltCurs13()" classname="org.example.TestMain" time="0.009"/>
  <system-out><![CDATA[]]></system-out>
  <system-err><![CDATA[]]></system-err>
</testsuite>
